2013/09/10 07:04:02 [error] [system.db.CDbCommand] Error in preparing SQL: CREATE TABLE 'tbl_project' (
	"id" integer PRIMARY KEY AUTOINCREMENT NOT NULL,
	"name" varchar(255) NOT NULL,
	"description" text NOT NULL,
	"create_time" datetime DEFAULT NULL,
	"create_user_id" int(11) DEFAULT NULL,
	"update_time" datetime DEFAULT NULL,
	"update_user_id" int(11) DEFAULT NULL
) ENGINE=InnoDB
2013/09/10 07:04:02 [error] [system.db.CDbCommand] CDbCommand::execute() failed: CDbCommand failed to prepare the SQL statement: SQLSTATE[HY000]: General error: 1 near "ENGINE": syntax error. The SQL statement executed was: CREATE TABLE 'tbl_project' (
	"id" integer PRIMARY KEY AUTOINCREMENT NOT NULL,
	"name" varchar(255) NOT NULL,
	"description" text NOT NULL,
	"create_time" datetime DEFAULT NULL,
	"create_user_id" int(11) DEFAULT NULL,
	"update_time" datetime DEFAULT NULL,
	"update_user_id" int(11) DEFAULT NULL
) ENGINE=InnoDB.
2013/09/10 07:04:02 [error] [exception.CDbException] exception 'CDbException' with message 'CDbCommand failed to execute the SQL statement: CDbCommand failed to prepare the SQL statement: SQLSTATE[HY000]: General error: 1 near "ENGINE": syntax error. The SQL statement executed was: CREATE TABLE 'tbl_project' (
	"id" integer PRIMARY KEY AUTOINCREMENT NOT NULL,
	"name" varchar(255) NOT NULL,
	"description" text NOT NULL,
	"create_time" datetime DEFAULT NULL,
	"create_user_id" int(11) DEFAULT NULL,
	"update_time" datetime DEFAULT NULL,
	"update_user_id" int(11) DEFAULT NULL
) ENGINE=InnoDB' in C:\xampp\Yii\framework\db\CDbCommand.php:358
Stack trace:
#0 C:\xampp\Yii\framework\db\CDbCommand.php(1324): CDbCommand->execute()
#1 C:\xampp\Yii\framework\db\CDbMigration.php(233): CDbCommand->createTable('tbl_project', Array, 'ENGINE=InnoDB')
#2 C:\xampp\htdocs\trackstar\protected\migrations\m130910_050016_create_project_table.php(15): CDbMigration->createTable('tbl_project', Array, 'ENGINE=InnoDB')
#3 C:\xampp\Yii\framework\cli\commands\MigrateCommand.php(385): m130910_050016_create_project_table->up()
#4 C:\xampp\Yii\framework\cli\commands\MigrateCommand.php(109): MigrateCommand->migrateUp('m130910_050016_...')
#5 [internal function]: MigrateCommand->actionUp(Array)
#6 C:\xampp\Yii\framework\console\CConsoleCommand.php(172): ReflectionMethod->invokeArgs(Object(MigrateCommand), Array)
#7 C:\xampp\Yii\framework\console\CConsoleCommandRunner.php(71): CConsoleCommand->run(Array)
#8 C:\xampp\Yii\framework\console\CConsoleApplication.php(92): CConsoleCommandRunner->run(Array)
#9 C:\xampp\Yii\framework\base\CApplication.php(180): CConsoleApplication->processRequest()
#10 C:\xampp\Yii\framework\yiic.php(33): CApplication->run()
#11 C:\xampp\htdocs\trackstar\protected\yiic.php(7): require_once('C:\xampp\Yii\fr...')
#12 C:\xampp\htdocs\trackstar\protected\yiic(4): require_once('C:\xampp\htdocs...')
#13 {main}
---
2013/09/10 07:06:44 [error] [system.db.CDbCommand] CDbCommand::fetchAll() failed: SQLSTATE[42S02]: Base table or view not found: 1146 Table 'analumco_usa.tbl_migration' doesn't exist. The SQL statement executed was: SHOW FULL COLUMNS FROM `tbl_migration`.
2013/09/10 07:22:21 [error] [system.db.CDbCommand] CDbCommand::execute() failed: SQLSTATE[42000]: Syntax error or access violation: 1072 Key column 'project_
		id' doesn't exist in table. The SQL statement executed was: ALTER TABLE `tbl_issue` ADD CONSTRAINT `fk_issue_project` FOREIGN KEY (`project_
		id`) REFERENCES `tbl_project` (`id`) ON DELETE CASCADE ON UPDATE RESTRICT.
2013/09/10 07:23:37 [error] [system.db.CDbCommand] CDbCommand::execute() failed: SQLSTATE[42S01]: Base table or view already exists: 1050 Table 'tbl_issue' already exists. The SQL statement executed was: CREATE TABLE `tbl_issue` (
	`id` int(11) NOT NULL AUTO_INCREMENT PRIMARY KEY,
	`name` varchar(255) NOT NULL,
	`description` text,
	`project_id` int(11) DEFAULT NULL,
	`type_id` int(11) DEFAULT NULL,
	`status_id` int(11) DEFAULT NULL,
	`owner_id` int(11) DEFAULT NULL,
	`requester_id` int(11) DEFAULT NULL,
	`create_time` datetime DEFAULT NULL,
	`create_user_id` int(11) DEFAULT NULL,
	`update_time` datetime DEFAULT NULL,
	`update_user_id` int(11) DEFAULT NULL
) ENGINE=InnoDB.
2013/09/10 07:24:44 [error] [system.db.CDbCommand] CDbCommand::fetchAll() failed: SQLSTATE[42S02]: Base table or view not found: 1146 Table 'analumco_usa.tbl_migration' doesn't exist. The SQL statement executed was: SHOW FULL COLUMNS FROM `tbl_migration`.
2013/09/10 07:39:09 [error] [exception.CException] exception 'CException' with message 'Issue and its behaviors do not have a method or closure named "getTypeOptions".' in C:\xampp\Yii\framework\base\CComponent.php:266
Stack trace:
#0 C:\xampp\Yii\framework\db\ar\CActiveRecord.php(227): CComponent->__call('getTypeOptions', Array)
#1 C:\xampp\htdocs\trackstar\protected\models\Issue.php(44): CActiveRecord->__call('getTypeOptions', Array)
#2 C:\xampp\htdocs\trackstar\protected\models\Issue.php(44): Issue->getTypeOptions()
#3 C:\xampp\Yii\framework\base\CModel.php(284): Issue->rules()
#4 C:\xampp\Yii\framework\base\CModel.php(260): CModel->createValidators()
#5 C:\xampp\Yii\framework\base\CModel.php(304): CModel->getValidators('name')
#6 C:\xampp\Yii\framework\web\helpers\CHtml.php(1414): CModel->isAttributeRequired('name')
#7 C:\xampp\Yii\framework\web\widgets\CActiveForm.php(597): CHtml::activeLabelEx(Object(Issue), 'name', Array)
#8 C:\xampp\htdocs\trackstar\protected\views\issue\_form.php(23): CActiveForm->labelEx(Object(Issue), 'name')
#9 C:\xampp\Yii\framework\web\CBaseController.php(126): require('C:\xampp\htdocs...')
#10 C:\xampp\Yii\framework\web\CBaseController.php(95): CBaseController->renderInternal('C:\xampp\htdocs...', Array, true)
#11 C:\xampp\Yii\framework\web\CController.php(869): CBaseController->renderFile('C:\xampp\htdocs...', Array, true)
#12 C:\xampp\htdocs\trackstar\protected\views\issue\create.php(18): CController->renderPartial('_form', Array)
#13 C:\xampp\Yii\framework\web\CBaseController.php(126): require('C:\xampp\htdocs...')
#14 C:\xampp\Yii\framework\web\CBaseController.php(95): CBaseController->renderInternal('C:\xampp\htdocs...', Array, true)
#15 C:\xampp\Yii\framework\web\CController.php(869): CBaseController->renderFile('C:\xampp\htdocs...', Array, true)
#16 C:\xampp\Yii\framework\web\CController.php(782): CController->renderPartial('create', Array, true)
#17 C:\xampp\htdocs\trackstar\protected\controllers\IssueController.php(87): CController->render('create', Array)
#18 C:\xampp\Yii\framework\web\actions\CInlineAction.php(49): IssueController->actionCreate()
#19 C:\xampp\Yii\framework\web\CController.php(308): CInlineAction->runWithParams(Array)
#20 C:\xampp\Yii\framework\web\filters\CFilterChain.php(133): CController->runAction(Object(CInlineAction))
#21 C:\xampp\Yii\framework\web\filters\CFilter.php(40): CFilterChain->run()
#22 C:\xampp\Yii\framework\web\CController.php(1145): CFilter->filter(Object(CFilterChain))
#23 C:\xampp\Yii\framework\web\filters\CInlineFilter.php(58): CController->filterAccessControl(Object(CFilterChain))
#24 C:\xampp\Yii\framework\web\filters\CFilterChain.php(130): CInlineFilter->filter(Object(CFilterChain))
#25 C:\xampp\Yii\framework\web\CController.php(291): CFilterChain->run()
#26 C:\xampp\Yii\framework\web\CController.php(265): CController->runActionWithFilters(Object(CInlineAction), Array)
#27 C:\xampp\Yii\framework\web\CWebApplication.php(282): CController->run('create')
#28 C:\xampp\Yii\framework\web\CWebApplication.php(141): CWebApplication->runController('issue/create')
#29 C:\xampp\Yii\framework\base\CApplication.php(180): CWebApplication->processRequest()
#30 C:\xampp\htdocs\trackstar\index.php(13): CApplication->run()
#31 {main}
REQUEST_URI=/trackstar/index.php?r=issue/create
HTTP_REFERER=http://localhost/trackstar/index.php?r=issue
---
2013/09/10 08:46:49 [error] [exception.CHttpException.403] exception 'CHttpException' with message 'Must specify a project before performing this action' in C:\xampp\htdocs\trackstar\protected\controllers\IssueController.php:184
Stack trace:
#0 C:\xampp\Yii\framework\web\filters\CInlineFilter.php(58): IssueController->filterProjectContext(Object(CFilterChain))
#1 C:\xampp\Yii\framework\web\filters\CFilterChain.php(130): CInlineFilter->filter(Object(CFilterChain))
#2 C:\xampp\Yii\framework\web\filters\CFilter.php(40): CFilterChain->run()
#3 C:\xampp\Yii\framework\web\CController.php(1145): CFilter->filter(Object(CFilterChain))
#4 C:\xampp\Yii\framework\web\filters\CInlineFilter.php(58): CController->filterAccessControl(Object(CFilterChain))
#5 C:\xampp\Yii\framework\web\filters\CFilterChain.php(130): CInlineFilter->filter(Object(CFilterChain))
#6 C:\xampp\Yii\framework\web\CController.php(291): CFilterChain->run()
#7 C:\xampp\Yii\framework\web\CController.php(265): CController->runActionWithFilters(Object(CInlineAction), Array)
#8 C:\xampp\Yii\framework\web\CWebApplication.php(282): CController->run('create')
#9 C:\xampp\Yii\framework\web\CWebApplication.php(141): CWebApplication->runController('issue/create')
#10 C:\xampp\Yii\framework\base\CApplication.php(180): CWebApplication->processRequest()
#11 C:\xampp\htdocs\trackstar\index.php(13): CApplication->run()
#12 {main}
REQUEST_URI=/trackstar/index.php?r=issue/create
---
2013/09/10 08:49:40 [error] [exception.CHttpException.403] exception 'CHttpException' with message 'Must specify a project before performing this action' in C:\xampp\htdocs\trackstar\protected\controllers\IssueController.php:184
Stack trace:
#0 C:\xampp\Yii\framework\web\filters\CInlineFilter.php(58): IssueController->filterProjectContext(Object(CFilterChain))
#1 C:\xampp\Yii\framework\web\filters\CFilterChain.php(130): CInlineFilter->filter(Object(CFilterChain))
#2 C:\xampp\Yii\framework\web\filters\CFilter.php(40): CFilterChain->run()
#3 C:\xampp\Yii\framework\web\CController.php(1145): CFilter->filter(Object(CFilterChain))
#4 C:\xampp\Yii\framework\web\filters\CInlineFilter.php(58): CController->filterAccessControl(Object(CFilterChain))
#5 C:\xampp\Yii\framework\web\filters\CFilterChain.php(130): CInlineFilter->filter(Object(CFilterChain))
#6 C:\xampp\Yii\framework\web\CController.php(291): CFilterChain->run()
#7 C:\xampp\Yii\framework\web\CController.php(265): CController->runActionWithFilters(Object(CInlineAction), Array)
#8 C:\xampp\Yii\framework\web\CWebApplication.php(282): CController->run('create')
#9 C:\xampp\Yii\framework\web\CWebApplication.php(141): CWebApplication->runController('issue/create')
#10 C:\xampp\Yii\framework\base\CApplication.php(180): CWebApplication->processRequest()
#11 C:\xampp\htdocs\trackstar\index.php(13): CApplication->run()
#12 {main}
REQUEST_URI=/trackstar/index.php?r=issue/create
HTTP_REFERER=http://localhost/trackstar/index.php?r=issue
---
2013/09/11 00:23:23 [error] [exception.CException] exception 'CException' with message 'Issue and its behaviors do not have a method or closure named "getUserOptions".' in C:\xampp\Yii\framework\base\CComponent.php:266
Stack trace:
#0 C:\xampp\Yii\framework\db\ar\CActiveRecord.php(227): CComponent->__call('getUserOptions', Array)
#1 C:\xampp\htdocs\trackstar\protected\views\issue\_form.php(48): CActiveRecord->__call('getUserOptions', Array)
#2 C:\xampp\htdocs\trackstar\protected\views\issue\_form.php(48): Issue->getUserOptions()
#3 C:\xampp\Yii\framework\web\CBaseController.php(126): require('C:\xampp\htdocs...')
#4 C:\xampp\Yii\framework\web\CBaseController.php(95): CBaseController->renderInternal('C:\xampp\htdocs...', Array, true)
#5 C:\xampp\Yii\framework\web\CController.php(869): CBaseController->renderFile('C:\xampp\htdocs...', Array, true)
#6 C:\xampp\htdocs\trackstar\protected\views\issue\create.php(18): CController->renderPartial('_form', Array)
#7 C:\xampp\Yii\framework\web\CBaseController.php(126): require('C:\xampp\htdocs...')
#8 C:\xampp\Yii\framework\web\CBaseController.php(95): CBaseController->renderInternal('C:\xampp\htdocs...', Array, true)
#9 C:\xampp\Yii\framework\web\CController.php(869): CBaseController->renderFile('C:\xampp\htdocs...', Array, true)
#10 C:\xampp\Yii\framework\web\CController.php(782): CController->renderPartial('create', Array, true)
#11 C:\xampp\htdocs\trackstar\protected\controllers\IssueController.php(81): CController->render('create', Array)
#12 C:\xampp\Yii\framework\web\actions\CInlineAction.php(49): IssueController->actionCreate()
#13 C:\xampp\Yii\framework\web\CController.php(308): CInlineAction->runWithParams(Array)
#14 C:\xampp\Yii\framework\web\filters\CFilterChain.php(133): CController->runAction(Object(CInlineAction))
#15 C:\xampp\htdocs\trackstar\protected\controllers\IssueController.php(187): CFilterChain->run()
#16 C:\xampp\Yii\framework\web\filters\CInlineFilter.php(58): IssueController->filterProjectContext(Object(CFilterChain))
#17 C:\xampp\Yii\framework\web\filters\CFilterChain.php(130): CInlineFilter->filter(Object(CFilterChain))
#18 C:\xampp\Yii\framework\web\filters\CFilter.php(40): CFilterChain->run()
#19 C:\xampp\Yii\framework\web\CController.php(1145): CFilter->filter(Object(CFilterChain))
#20 C:\xampp\Yii\framework\web\filters\CInlineFilter.php(58): CController->filterAccessControl(Object(CFilterChain))
#21 C:\xampp\Yii\framework\web\filters\CFilterChain.php(130): CInlineFilter->filter(Object(CFilterChain))
#22 C:\xampp\Yii\framework\web\CController.php(291): CFilterChain->run()
#23 C:\xampp\Yii\framework\web\CController.php(265): CController->runActionWithFilters(Object(CInlineAction), Array)
#24 C:\xampp\Yii\framework\web\CWebApplication.php(282): CController->run('create')
#25 C:\xampp\Yii\framework\web\CWebApplication.php(141): CWebApplication->runController('issue/create')
#26 C:\xampp\Yii\framework\base\CApplication.php(180): CWebApplication->processRequest()
#27 C:\xampp\htdocs\trackstar\index.php(13): CApplication->run()
#28 {main}
REQUEST_URI=/trackstar/index.php?r=issue/create&pid=1
HTTP_REFERER=http://localhost/trackstar/index.php?r=site/login
---
2013/09/11 00:26:00 [error] [php] include(User.php): failed to open stream: No such file or directory (C:\xampp\Yii\framework\YiiBase.php:427)
Stack trace:
#0 C:\xampp\Yii\framework\db\ar\CActiveRecord.php(395): spl_autoload_call()
#1 C:\xampp\Yii\framework\db\ar\CActiveFinder.php(182): model()
#2 C:\xampp\Yii\framework\db\ar\CActiveFinder.php(230): CActiveFinder->getModel()
#3 C:\xampp\Yii\framework\db\ar\CActiveFinder.php(48): CActiveFinder->buildJoinTree()
#4 C:\xampp\Yii\framework\db\ar\CActiveRecord.php(909): CActiveFinder->__construct()
#5 C:\xampp\Yii\framework\db\ar\CActiveRecord.php(280): Project->getActiveFinder()
#6 C:\xampp\Yii\framework\db\ar\CActiveRecord.php(143): Project->getRelated()
#7 C:\xampp\htdocs\trackstar\protected\models\Project.php(116): Project->__get()
#8 C:\xampp\htdocs\trackstar\protected\views\issue\_form.php(48): Project->getUserOptions()
#9 C:\xampp\Yii\framework\web\CBaseController.php(126): require()
#10 C:\xampp\Yii\framework\web\CBaseController.php(95): IssueController->renderInternal()
#11 C:\xampp\Yii\framework\web\CController.php(869): IssueController->renderFile()
#12 C:\xampp\htdocs\trackstar\protected\views\issue\create.php(18): IssueController->renderPartial()
#13 C:\xampp\Yii\framework\web\CBaseController.php(126): require()
#14 C:\xampp\Yii\framework\web\CBaseController.php(95): IssueController->renderInternal()
#15 C:\xampp\Yii\framework\web\CController.php(869): IssueController->renderFile()
#16 C:\xampp\Yii\framework\web\CController.php(782): IssueController->renderPartial()
#17 C:\xampp\htdocs\trackstar\protected\controllers\IssueController.php(81): IssueController->render()
#18 C:\xampp\Yii\framework\web\actions\CInlineAction.php(49): IssueController->actionCreate()
#19 C:\xampp\Yii\framework\web\CController.php(308): CInlineAction->runWithParams()
#20 C:\xampp\Yii\framework\web\filters\CFilterChain.php(133): IssueController->runAction()
#21 C:\xampp\htdocs\trackstar\protected\controllers\IssueController.php(187): CFilterChain->run()
#22 C:\xampp\Yii\framework\web\filters\CInlineFilter.php(58): IssueController->filterProjectContext()
#23 C:\xampp\Yii\framework\web\filters\CFilterChain.php(130): CInlineFilter->filter()
#24 C:\xampp\Yii\framework\web\filters\CFilter.php(40): CFilterChain->run()
#25 C:\xampp\Yii\framework\web\CController.php(1145): CAccessControlFilter->filter()
#26 C:\xampp\Yii\framework\web\filters\CInlineFilter.php(58): IssueController->filterAccessControl()
#27 C:\xampp\Yii\framework\web\filters\CFilterChain.php(130): CInlineFilter->filter()
#28 C:\xampp\Yii\framework\web\CController.php(291): CFilterChain->run()
#29 C:\xampp\Yii\framework\web\CController.php(265): IssueController->runActionWithFilters()
#30 C:\xampp\Yii\framework\web\CWebApplication.php(282): IssueController->run()
#31 C:\xampp\Yii\framework\web\CWebApplication.php(141): CWebApplication->runController()
#32 C:\xampp\Yii\framework\base\CApplication.php(180): CWebApplication->processRequest()
#33 C:\xampp\htdocs\trackstar\index.php(13): CWebApplication->run()
REQUEST_URI=/trackstar/index.php?r=issue/create&pid=1
in C:\xampp\htdocs\trackstar\protected\models\Project.php (116)
in C:\xampp\htdocs\trackstar\protected\views\issue\_form.php (48)
in C:\xampp\htdocs\trackstar\protected\views\issue\create.php (18)
2013/09/11 00:26:13 [error] [php] include(User.php): failed to open stream: No such file or directory (C:\xampp\Yii\framework\YiiBase.php:427)
Stack trace:
#0 C:\xampp\Yii\framework\db\ar\CActiveRecord.php(395): spl_autoload_call()
#1 C:\xampp\Yii\framework\db\ar\CActiveFinder.php(182): model()
#2 C:\xampp\Yii\framework\db\ar\CActiveFinder.php(230): CActiveFinder->getModel()
#3 C:\xampp\Yii\framework\db\ar\CActiveFinder.php(48): CActiveFinder->buildJoinTree()
#4 C:\xampp\Yii\framework\db\ar\CActiveRecord.php(909): CActiveFinder->__construct()
#5 C:\xampp\Yii\framework\db\ar\CActiveRecord.php(280): Project->getActiveFinder()
#6 C:\xampp\Yii\framework\db\ar\CActiveRecord.php(143): Project->getRelated()
#7 C:\xampp\htdocs\trackstar\protected\models\Project.php(116): Project->__get()
#8 C:\xampp\htdocs\trackstar\protected\views\issue\_form.php(48): Project->getUserOptions()
#9 C:\xampp\Yii\framework\web\CBaseController.php(126): require()
#10 C:\xampp\Yii\framework\web\CBaseController.php(95): IssueController->renderInternal()
#11 C:\xampp\Yii\framework\web\CController.php(869): IssueController->renderFile()
#12 C:\xampp\htdocs\trackstar\protected\views\issue\create.php(18): IssueController->renderPartial()
#13 C:\xampp\Yii\framework\web\CBaseController.php(126): require()
#14 C:\xampp\Yii\framework\web\CBaseController.php(95): IssueController->renderInternal()
#15 C:\xampp\Yii\framework\web\CController.php(869): IssueController->renderFile()
#16 C:\xampp\Yii\framework\web\CController.php(782): IssueController->renderPartial()
#17 C:\xampp\htdocs\trackstar\protected\controllers\IssueController.php(81): IssueController->render()
#18 C:\xampp\Yii\framework\web\actions\CInlineAction.php(49): IssueController->actionCreate()
#19 C:\xampp\Yii\framework\web\CController.php(308): CInlineAction->runWithParams()
#20 C:\xampp\Yii\framework\web\filters\CFilterChain.php(133): IssueController->runAction()
#21 C:\xampp\htdocs\trackstar\protected\controllers\IssueController.php(187): CFilterChain->run()
#22 C:\xampp\Yii\framework\web\filters\CInlineFilter.php(58): IssueController->filterProjectContext()
#23 C:\xampp\Yii\framework\web\filters\CFilterChain.php(130): CInlineFilter->filter()
#24 C:\xampp\Yii\framework\web\filters\CFilter.php(40): CFilterChain->run()
#25 C:\xampp\Yii\framework\web\CController.php(1145): CAccessControlFilter->filter()
#26 C:\xampp\Yii\framework\web\filters\CInlineFilter.php(58): IssueController->filterAccessControl()
#27 C:\xampp\Yii\framework\web\filters\CFilterChain.php(130): CInlineFilter->filter()
#28 C:\xampp\Yii\framework\web\CController.php(291): CFilterChain->run()
#29 C:\xampp\Yii\framework\web\CController.php(265): IssueController->runActionWithFilters()
#30 C:\xampp\Yii\framework\web\CWebApplication.php(282): IssueController->run()
#31 C:\xampp\Yii\framework\web\CWebApplication.php(141): CWebApplication->runController()
#32 C:\xampp\Yii\framework\base\CApplication.php(180): CWebApplication->processRequest()
#33 C:\xampp\htdocs\trackstar\index.php(13): CWebApplication->run()
REQUEST_URI=/trackstar/index.php?r=issue/create&pid=1
in C:\xampp\htdocs\trackstar\protected\models\Project.php (116)
in C:\xampp\htdocs\trackstar\protected\views\issue\_form.php (48)
in C:\xampp\htdocs\trackstar\protected\views\issue\create.php (18)
2013/09/11 00:40:58 [error] [php] Undefined variable: usersArray (C:\xampp\htdocs\trackstar\protected\models\Project.php:118)
Stack trace:
#0 C:\xampp\Yii\framework\web\CBaseController.php(95): IssueController->renderInternal()
#1 C:\xampp\Yii\framework\web\CController.php(869): IssueController->renderFile()
#2 C:\xampp\htdocs\trackstar\protected\views\issue\create.php(18): IssueController->renderPartial()
#3 C:\xampp\Yii\framework\web\CBaseController.php(126): require()
#4 C:\xampp\Yii\framework\web\CBaseController.php(95): IssueController->renderInternal()
#5 C:\xampp\Yii\framework\web\CController.php(869): IssueController->renderFile()
#6 C:\xampp\Yii\framework\web\CController.php(782): IssueController->renderPartial()
#7 C:\xampp\htdocs\trackstar\protected\controllers\IssueController.php(81): IssueController->render()
#8 C:\xampp\Yii\framework\web\actions\CInlineAction.php(49): IssueController->actionCreate()
#9 C:\xampp\Yii\framework\web\CController.php(308): CInlineAction->runWithParams()
#10 C:\xampp\Yii\framework\web\filters\CFilterChain.php(133): IssueController->runAction()
#11 C:\xampp\htdocs\trackstar\protected\controllers\IssueController.php(187): CFilterChain->run()
#12 C:\xampp\Yii\framework\web\filters\CInlineFilter.php(58): IssueController->filterProjectContext()
#13 C:\xampp\Yii\framework\web\filters\CFilterChain.php(130): CInlineFilter->filter()
#14 C:\xampp\Yii\framework\web\filters\CFilter.php(40): CFilterChain->run()
#15 C:\xampp\Yii\framework\web\CController.php(1145): CAccessControlFilter->filter()
#16 C:\xampp\Yii\framework\web\filters\CInlineFilter.php(58): IssueController->filterAccessControl()
#17 C:\xampp\Yii\framework\web\filters\CFilterChain.php(130): CInlineFilter->filter()
#18 C:\xampp\Yii\framework\web\CController.php(291): CFilterChain->run()
#19 C:\xampp\Yii\framework\web\CController.php(265): IssueController->runActionWithFilters()
#20 C:\xampp\Yii\framework\web\CWebApplication.php(282): IssueController->run()
#21 C:\xampp\Yii\framework\web\CWebApplication.php(141): CWebApplication->runController()
#22 C:\xampp\Yii\framework\base\CApplication.php(180): CWebApplication->processRequest()
#23 C:\xampp\htdocs\trackstar\index.php(13): CWebApplication->run()
REQUEST_URI=/trackstar/index.php?r=issue/create&pid=1
in C:\xampp\htdocs\trackstar\protected\models\Project.php (118)
in C:\xampp\htdocs\trackstar\protected\views\issue\_form.php (48)
in C:\xampp\htdocs\trackstar\protected\views\issue\create.php (18)
2013/09/11 04:29:24 [error] [exception.CHttpException.400] exception 'CHttpException' with message 'Your request is invalid.' in C:\xampp\Yii\framework\web\CController.php:336
Stack trace:
#0 C:\xampp\Yii\framework\web\CController.php(309): CController->invalidActionParams(Object(CInlineAction))
#1 C:\xampp\Yii\framework\web\filters\CFilterChain.php(133): CController->runAction(Object(CInlineAction))
#2 C:\xampp\Yii\framework\web\filters\CFilter.php(40): CFilterChain->run()
#3 C:\xampp\Yii\framework\web\CController.php(1145): CFilter->filter(Object(CFilterChain))
#4 C:\xampp\Yii\framework\web\filters\CInlineFilter.php(58): CController->filterAccessControl(Object(CFilterChain))
#5 C:\xampp\Yii\framework\web\filters\CFilterChain.php(130): CInlineFilter->filter(Object(CFilterChain))
#6 C:\xampp\Yii\framework\web\CController.php(291): CFilterChain->run()
#7 C:\xampp\Yii\framework\web\CController.php(265): CController->runActionWithFilters(Object(CInlineAction), Array)
#8 C:\xampp\Yii\framework\web\CWebApplication.php(282): CController->run('view')
#9 C:\xampp\Yii\framework\web\CWebApplication.php(141): CWebApplication->runController('project/view')
#10 C:\xampp\Yii\framework\base\CApplication.php(180): CWebApplication->processRequest()
#11 C:\xampp\htdocs\trackstar\index.php(13): CApplication->run()
#12 {main}
REQUEST_URI=/trackstar/index.php?r=project/view
---
2013/09/11 04:30:24 [error] [exception.CHttpException.404] exception 'CHttpException' with message 'The requested page does not exist.' in C:\xampp\htdocs\trackstar\protected\controllers\ProjectController.php:157
Stack trace:
#0 C:\xampp\htdocs\trackstar\protected\controllers\ProjectController.php(66): ProjectController->loadModel('2')
#1 [internal function]: ProjectController->actionView('2')
#2 C:\xampp\Yii\framework\web\actions\CAction.php(108): ReflectionMethod->invokeArgs(Object(ProjectController), Array)
#3 C:\xampp\Yii\framework\web\actions\CInlineAction.php(47): CAction->runWithParamsInternal(Object(ProjectController), Object(ReflectionMethod), Array)
#4 C:\xampp\Yii\framework\web\CController.php(308): CInlineAction->runWithParams(Array)
#5 C:\xampp\Yii\framework\web\filters\CFilterChain.php(133): CController->runAction(Object(CInlineAction))
#6 C:\xampp\Yii\framework\web\filters\CFilter.php(40): CFilterChain->run()
#7 C:\xampp\Yii\framework\web\CController.php(1145): CFilter->filter(Object(CFilterChain))
#8 C:\xampp\Yii\framework\web\filters\CInlineFilter.php(58): CController->filterAccessControl(Object(CFilterChain))
#9 C:\xampp\Yii\framework\web\filters\CFilterChain.php(130): CInlineFilter->filter(Object(CFilterChain))
#10 C:\xampp\Yii\framework\web\CController.php(291): CFilterChain->run()
#11 C:\xampp\Yii\framework\web\CController.php(265): CController->runActionWithFilters(Object(CInlineAction), Array)
#12 C:\xampp\Yii\framework\web\CWebApplication.php(282): CController->run('view')
#13 C:\xampp\Yii\framework\web\CWebApplication.php(141): CWebApplication->runController('project/view')
#14 C:\xampp\Yii\framework\base\CApplication.php(180): CWebApplication->processRequest()
#15 C:\xampp\htdocs\trackstar\index.php(13): CApplication->run()
#16 {main}
REQUEST_URI=/trackstar/index.php?r=project/view&id=2
---
2013/09/12 02:32:41 [error] [exception.CHttpException.404] exception 'CHttpException' with message 'The requested page does not exist.' in C:\xampp\htdocs\trackstar\protected\controllers\ProjectController.php:168
Stack trace:
#0 C:\xampp\htdocs\trackstar\protected\controllers\ProjectController.php(68): ProjectController->loadModel('2')
#1 [internal function]: ProjectController->actionView('2')
#2 C:\xampp\Yii\framework\web\actions\CAction.php(108): ReflectionMethod->invokeArgs(Object(ProjectController), Array)
#3 C:\xampp\Yii\framework\web\actions\CInlineAction.php(47): CAction->runWithParamsInternal(Object(ProjectController), Object(ReflectionMethod), Array)
#4 C:\xampp\Yii\framework\web\CController.php(308): CInlineAction->runWithParams(Array)
#5 C:\xampp\Yii\framework\web\filters\CFilterChain.php(133): CController->runAction(Object(CInlineAction))
#6 C:\xampp\Yii\framework\web\filters\CFilter.php(40): CFilterChain->run()
#7 C:\xampp\Yii\framework\web\CController.php(1145): CFilter->filter(Object(CFilterChain))
#8 C:\xampp\Yii\framework\web\filters\CInlineFilter.php(58): CController->filterAccessControl(Object(CFilterChain))
#9 C:\xampp\Yii\framework\web\filters\CFilterChain.php(130): CInlineFilter->filter(Object(CFilterChain))
#10 C:\xampp\Yii\framework\web\CController.php(291): CFilterChain->run()
#11 C:\xampp\Yii\framework\web\CController.php(265): CController->runActionWithFilters(Object(CInlineAction), Array)
#12 C:\xampp\Yii\framework\web\CWebApplication.php(282): CController->run('view')
#13 C:\xampp\Yii\framework\web\CWebApplication.php(141): CWebApplication->runController('project/view')
#14 C:\xampp\Yii\framework\base\CApplication.php(180): CWebApplication->processRequest()
#15 C:\xampp\htdocs\trackstar\index.php(13): CApplication->run()
#16 {main}
REQUEST_URI=/trackstar/index.php?r=project/view&id=2
HTTP_REFERER=http://localhost/trackstar/index.php?r=project/view&id=1
---
2013/09/12 06:06:12 [error] [exception.CHttpException.403] exception 'CHttpException' with message 'Must specify a project before performing this action' in C:\xampp\htdocs\trackstar\protected\controllers\IssueController.php:184
Stack trace:
#0 C:\xampp\Yii\framework\web\filters\CInlineFilter.php(58): IssueController->filterProjectContext(Object(CFilterChain))
#1 C:\xampp\Yii\framework\web\filters\CFilterChain.php(130): CInlineFilter->filter(Object(CFilterChain))
#2 C:\xampp\Yii\framework\web\filters\CFilter.php(40): CFilterChain->run()
#3 C:\xampp\Yii\framework\web\CController.php(1145): CFilter->filter(Object(CFilterChain))
#4 C:\xampp\Yii\framework\web\filters\CInlineFilter.php(58): CController->filterAccessControl(Object(CFilterChain))
#5 C:\xampp\Yii\framework\web\filters\CFilterChain.php(130): CInlineFilter->filter(Object(CFilterChain))
#6 C:\xampp\Yii\framework\web\CController.php(291): CFilterChain->run()
#7 C:\xampp\Yii\framework\web\CController.php(265): CController->runActionWithFilters(Object(CInlineAction), Array)
#8 C:\xampp\Yii\framework\web\CWebApplication.php(282): CController->run('create')
#9 C:\xampp\Yii\framework\web\CWebApplication.php(141): CWebApplication->runController('issue/create')
#10 C:\xampp\Yii\framework\base\CApplication.php(180): CWebApplication->processRequest()
#11 C:\xampp\htdocs\trackstar\index.php(13): CApplication->run()
#12 {main}
REQUEST_URI=/trackstar/index.php?r=issue/create
HTTP_REFERER=http://localhost/trackstar/index.php?r=issue/view&id=2
---
2013/09/12 21:53:46 [error] [exception.CHttpException.403] exception 'CHttpException' with message 'Must specify a project before performing this action' in C:\xampp\htdocs\trackstar\protected\controllers\IssueController.php:191
Stack trace:
#0 C:\xampp\Yii\framework\web\filters\CInlineFilter.php(58): IssueController->filterProjectContext(Object(CFilterChain))
#1 C:\xampp\Yii\framework\web\filters\CFilterChain.php(130): CInlineFilter->filter(Object(CFilterChain))
#2 C:\xampp\Yii\framework\web\filters\CFilter.php(40): CFilterChain->run()
#3 C:\xampp\Yii\framework\web\CController.php(1145): CFilter->filter(Object(CFilterChain))
#4 C:\xampp\Yii\framework\web\filters\CInlineFilter.php(58): CController->filterAccessControl(Object(CFilterChain))
#5 C:\xampp\Yii\framework\web\filters\CFilterChain.php(130): CInlineFilter->filter(Object(CFilterChain))
#6 C:\xampp\Yii\framework\web\CController.php(291): CFilterChain->run()
#7 C:\xampp\Yii\framework\web\CController.php(265): CController->runActionWithFilters(Object(CInlineAction), Array)
#8 C:\xampp\Yii\framework\web\CWebApplication.php(282): CController->run('')
#9 C:\xampp\Yii\framework\web\CWebApplication.php(141): CWebApplication->runController('issue')
#10 C:\xampp\Yii\framework\base\CApplication.php(180): CWebApplication->processRequest()
#11 C:\xampp\htdocs\trackstar\index.php(13): CApplication->run()
#12 {main}
REQUEST_URI=/trackstar/index.php?r=issue
---
2013/09/12 21:55:35 [error] [exception.CHttpException.403] exception 'CHttpException' with message 'Must specify a project before performing this action' in C:\xampp\htdocs\trackstar\protected\controllers\IssueController.php:191
Stack trace:
#0 C:\xampp\Yii\framework\web\filters\CInlineFilter.php(58): IssueController->filterProjectContext(Object(CFilterChain))
#1 C:\xampp\Yii\framework\web\filters\CFilterChain.php(130): CInlineFilter->filter(Object(CFilterChain))
#2 C:\xampp\Yii\framework\web\filters\CFilter.php(40): CFilterChain->run()
#3 C:\xampp\Yii\framework\web\CController.php(1145): CFilter->filter(Object(CFilterChain))
#4 C:\xampp\Yii\framework\web\filters\CInlineFilter.php(58): CController->filterAccessControl(Object(CFilterChain))
#5 C:\xampp\Yii\framework\web\filters\CFilterChain.php(130): CInlineFilter->filter(Object(CFilterChain))
#6 C:\xampp\Yii\framework\web\CController.php(291): CFilterChain->run()
#7 C:\xampp\Yii\framework\web\CController.php(265): CController->runActionWithFilters(Object(CInlineAction), Array)
#8 C:\xampp\Yii\framework\web\CWebApplication.php(282): CController->run('')
#9 C:\xampp\Yii\framework\web\CWebApplication.php(141): CWebApplication->runController('issue')
#10 C:\xampp\Yii\framework\base\CApplication.php(180): CWebApplication->processRequest()
#11 C:\xampp\htdocs\trackstar\index.php(13): CApplication->run()
#12 {main}
REQUEST_URI=/trackstar/index.php?r=issue&id=1
---
2013/09/12 21:56:06 [error] [exception.CHttpException.403] exception 'CHttpException' with message 'Must specify a project before performing this action' in C:\xampp\htdocs\trackstar\protected\controllers\IssueController.php:191
Stack trace:
#0 C:\xampp\Yii\framework\web\filters\CInlineFilter.php(58): IssueController->filterProjectContext(Object(CFilterChain))
#1 C:\xampp\Yii\framework\web\filters\CFilterChain.php(130): CInlineFilter->filter(Object(CFilterChain))
#2 C:\xampp\Yii\framework\web\filters\CFilter.php(40): CFilterChain->run()
#3 C:\xampp\Yii\framework\web\CController.php(1145): CFilter->filter(Object(CFilterChain))
#4 C:\xampp\Yii\framework\web\filters\CInlineFilter.php(58): CController->filterAccessControl(Object(CFilterChain))
#5 C:\xampp\Yii\framework\web\filters\CFilterChain.php(130): CInlineFilter->filter(Object(CFilterChain))
#6 C:\xampp\Yii\framework\web\CController.php(291): CFilterChain->run()
#7 C:\xampp\Yii\framework\web\CController.php(265): CController->runActionWithFilters(Object(CInlineAction), Array)
#8 C:\xampp\Yii\framework\web\CWebApplication.php(282): CController->run('admin')
#9 C:\xampp\Yii\framework\web\CWebApplication.php(141): CWebApplication->runController('issue/admin')
#10 C:\xampp\Yii\framework\base\CApplication.php(180): CWebApplication->processRequest()
#11 C:\xampp\htdocs\trackstar\index.php(13): CApplication->run()
#12 {main}
REQUEST_URI=/trackstar/index.php?r=issue/admin
HTTP_REFERER=http://localhost/trackstar/index.php?r=issue&pid=1
---
2013/09/12 21:58:04 [error] [exception.CException] exception 'CException' with message 'Property "IssueController._project" is not defined.' in C:\xampp\Yii\framework\base\CComponent.php:130
Stack trace:
#0 C:\xampp\htdocs\trackstar\protected\views\issue\index.php(10): CComponent->__get('_project')
#1 C:\xampp\Yii\framework\web\CBaseController.php(126): require('C:\xampp\htdocs...')
#2 C:\xampp\Yii\framework\web\CBaseController.php(95): CBaseController->renderInternal('C:\xampp\htdocs...', Array, true)
#3 C:\xampp\Yii\framework\web\CController.php(869): CBaseController->renderFile('C:\xampp\htdocs...', Array, true)
#4 C:\xampp\Yii\framework\web\CController.php(782): CController->renderPartial('index', Array, true)
#5 C:\xampp\htdocs\trackstar\protected\controllers\IssueController.php(135): CController->render('index', Array)
#6 C:\xampp\Yii\framework\web\actions\CInlineAction.php(49): IssueController->actionIndex()
#7 C:\xampp\Yii\framework\web\CController.php(308): CInlineAction->runWithParams(Array)
#8 C:\xampp\Yii\framework\web\filters\CFilterChain.php(133): CController->runAction(Object(CInlineAction))
#9 C:\xampp\htdocs\trackstar\protected\controllers\IssueController.php(194): CFilterChain->run()
#10 C:\xampp\Yii\framework\web\filters\CInlineFilter.php(58): IssueController->filterProjectContext(Object(CFilterChain))
#11 C:\xampp\Yii\framework\web\filters\CFilterChain.php(130): CInlineFilter->filter(Object(CFilterChain))
#12 C:\xampp\Yii\framework\web\filters\CFilter.php(40): CFilterChain->run()
#13 C:\xampp\Yii\framework\web\CController.php(1145): CFilter->filter(Object(CFilterChain))
#14 C:\xampp\Yii\framework\web\filters\CInlineFilter.php(58): CController->filterAccessControl(Object(CFilterChain))
#15 C:\xampp\Yii\framework\web\filters\CFilterChain.php(130): CInlineFilter->filter(Object(CFilterChain))
#16 C:\xampp\Yii\framework\web\CController.php(291): CFilterChain->run()
#17 C:\xampp\Yii\framework\web\CController.php(265): CController->runActionWithFilters(Object(CInlineAction), Array)
#18 C:\xampp\Yii\framework\web\CWebApplication.php(282): CController->run('')
#19 C:\xampp\Yii\framework\web\CWebApplication.php(141): CWebApplication->runController('issue')
#20 C:\xampp\Yii\framework\base\CApplication.php(180): CWebApplication->processRequest()
#21 C:\xampp\htdocs\trackstar\index.php(13): CApplication->run()
#22 {main}
REQUEST_URI=/trackstar/index.php?r=issue&pid=1
---
2013/09/12 21:58:48 [error] [exception.CException] exception 'CException' with message 'Property "IssueController._project" is not defined.' in C:\xampp\Yii\framework\base\CComponent.php:130
Stack trace:
#0 C:\xampp\htdocs\trackstar\protected\views\issue\index.php(10): CComponent->__get('_project')
#1 C:\xampp\Yii\framework\web\CBaseController.php(126): require('C:\xampp\htdocs...')
#2 C:\xampp\Yii\framework\web\CBaseController.php(95): CBaseController->renderInternal('C:\xampp\htdocs...', Array, true)
#3 C:\xampp\Yii\framework\web\CController.php(869): CBaseController->renderFile('C:\xampp\htdocs...', Array, true)
#4 C:\xampp\Yii\framework\web\CController.php(782): CController->renderPartial('index', Array, true)
#5 C:\xampp\htdocs\trackstar\protected\controllers\IssueController.php(135): CController->render('index', Array)
#6 C:\xampp\Yii\framework\web\actions\CInlineAction.php(49): IssueController->actionIndex()
#7 C:\xampp\Yii\framework\web\CController.php(308): CInlineAction->runWithParams(Array)
#8 C:\xampp\Yii\framework\web\filters\CFilterChain.php(133): CController->runAction(Object(CInlineAction))
#9 C:\xampp\htdocs\trackstar\protected\controllers\IssueController.php(194): CFilterChain->run()
#10 C:\xampp\Yii\framework\web\filters\CInlineFilter.php(58): IssueController->filterProjectContext(Object(CFilterChain))
#11 C:\xampp\Yii\framework\web\filters\CFilterChain.php(130): CInlineFilter->filter(Object(CFilterChain))
#12 C:\xampp\Yii\framework\web\filters\CFilter.php(40): CFilterChain->run()
#13 C:\xampp\Yii\framework\web\CController.php(1145): CFilter->filter(Object(CFilterChain))
#14 C:\xampp\Yii\framework\web\filters\CInlineFilter.php(58): CController->filterAccessControl(Object(CFilterChain))
#15 C:\xampp\Yii\framework\web\filters\CFilterChain.php(130): CInlineFilter->filter(Object(CFilterChain))
#16 C:\xampp\Yii\framework\web\CController.php(291): CFilterChain->run()
#17 C:\xampp\Yii\framework\web\CController.php(265): CController->runActionWithFilters(Object(CInlineAction), Array)
#18 C:\xampp\Yii\framework\web\CWebApplication.php(282): CController->run('')
#19 C:\xampp\Yii\framework\web\CWebApplication.php(141): CWebApplication->runController('issue')
#20 C:\xampp\Yii\framework\base\CApplication.php(180): CWebApplication->processRequest()
#21 C:\xampp\htdocs\trackstar\index.php(13): CApplication->run()
#22 {main}
REQUEST_URI=/trackstar/index.php?r=issue&pid=1
---
2013/09/12 22:00:57 [error] [exception.CException] exception 'CException' with message 'Property "IssueController._project" is not defined.' in C:\xampp\Yii\framework\base\CComponent.php:130
Stack trace:
#0 C:\xampp\htdocs\trackstar\protected\views\issue\index.php(10): CComponent->__get('_project')
#1 C:\xampp\Yii\framework\web\CBaseController.php(126): require('C:\xampp\htdocs...')
#2 C:\xampp\Yii\framework\web\CBaseController.php(95): CBaseController->renderInternal('C:\xampp\htdocs...', Array, true)
#3 C:\xampp\Yii\framework\web\CController.php(869): CBaseController->renderFile('C:\xampp\htdocs...', Array, true)
#4 C:\xampp\Yii\framework\web\CController.php(782): CController->renderPartial('index', Array, true)
#5 C:\xampp\htdocs\trackstar\protected\controllers\IssueController.php(135): CController->render('index', Array)
#6 C:\xampp\Yii\framework\web\actions\CInlineAction.php(49): IssueController->actionIndex()
#7 C:\xampp\Yii\framework\web\CController.php(308): CInlineAction->runWithParams(Array)
#8 C:\xampp\Yii\framework\web\filters\CFilterChain.php(133): CController->runAction(Object(CInlineAction))
#9 C:\xampp\htdocs\trackstar\protected\controllers\IssueController.php(194): CFilterChain->run()
#10 C:\xampp\Yii\framework\web\filters\CInlineFilter.php(58): IssueController->filterProjectContext(Object(CFilterChain))
#11 C:\xampp\Yii\framework\web\filters\CFilterChain.php(130): CInlineFilter->filter(Object(CFilterChain))
#12 C:\xampp\Yii\framework\web\filters\CFilter.php(40): CFilterChain->run()
#13 C:\xampp\Yii\framework\web\CController.php(1145): CFilter->filter(Object(CFilterChain))
#14 C:\xampp\Yii\framework\web\filters\CInlineFilter.php(58): CController->filterAccessControl(Object(CFilterChain))
#15 C:\xampp\Yii\framework\web\filters\CFilterChain.php(130): CInlineFilter->filter(Object(CFilterChain))
#16 C:\xampp\Yii\framework\web\CController.php(291): CFilterChain->run()
#17 C:\xampp\Yii\framework\web\CController.php(265): CController->runActionWithFilters(Object(CInlineAction), Array)
#18 C:\xampp\Yii\framework\web\CWebApplication.php(282): CController->run('')
#19 C:\xampp\Yii\framework\web\CWebApplication.php(141): CWebApplication->runController('issue')
#20 C:\xampp\Yii\framework\base\CApplication.php(180): CWebApplication->processRequest()
#21 C:\xampp\htdocs\trackstar\index.php(13): CApplication->run()
#22 {main}
REQUEST_URI=/trackstar/index.php?r=issue&pid=1
---
2013/09/12 22:01:25 [error] [exception.CHttpException.403] exception 'CHttpException' with message 'Must specify a project before performing this action' in C:\xampp\htdocs\trackstar\protected\controllers\IssueController.php:191
Stack trace:
#0 C:\xampp\Yii\framework\web\filters\CInlineFilter.php(58): IssueController->filterProjectContext(Object(CFilterChain))
#1 C:\xampp\Yii\framework\web\filters\CFilterChain.php(130): CInlineFilter->filter(Object(CFilterChain))
#2 C:\xampp\Yii\framework\web\filters\CFilter.php(40): CFilterChain->run()
#3 C:\xampp\Yii\framework\web\CController.php(1145): CFilter->filter(Object(CFilterChain))
#4 C:\xampp\Yii\framework\web\filters\CInlineFilter.php(58): CController->filterAccessControl(Object(CFilterChain))
#5 C:\xampp\Yii\framework\web\filters\CFilterChain.php(130): CInlineFilter->filter(Object(CFilterChain))
#6 C:\xampp\Yii\framework\web\CController.php(291): CFilterChain->run()
#7 C:\xampp\Yii\framework\web\CController.php(265): CController->runActionWithFilters(Object(CInlineAction), Array)
#8 C:\xampp\Yii\framework\web\CWebApplication.php(282): CController->run('')
#9 C:\xampp\Yii\framework\web\CWebApplication.php(141): CWebApplication->runController('issue')
#10 C:\xampp\Yii\framework\base\CApplication.php(180): CWebApplication->processRequest()
#11 C:\xampp\htdocs\trackstar\index.php(13): CApplication->run()
#12 {main}
REQUEST_URI=/trackstar/index.php?r=issue
---
2013/09/12 22:01:32 [error] [exception.CException] exception 'CException' with message 'Property "IssueController._project" is not defined.' in C:\xampp\Yii\framework\base\CComponent.php:130
Stack trace:
#0 C:\xampp\htdocs\trackstar\protected\views\issue\index.php(10): CComponent->__get('_project')
#1 C:\xampp\Yii\framework\web\CBaseController.php(126): require('C:\xampp\htdocs...')
#2 C:\xampp\Yii\framework\web\CBaseController.php(95): CBaseController->renderInternal('C:\xampp\htdocs...', Array, true)
#3 C:\xampp\Yii\framework\web\CController.php(869): CBaseController->renderFile('C:\xampp\htdocs...', Array, true)
#4 C:\xampp\Yii\framework\web\CController.php(782): CController->renderPartial('index', Array, true)
#5 C:\xampp\htdocs\trackstar\protected\controllers\IssueController.php(135): CController->render('index', Array)
#6 C:\xampp\Yii\framework\web\actions\CInlineAction.php(49): IssueController->actionIndex()
#7 C:\xampp\Yii\framework\web\CController.php(308): CInlineAction->runWithParams(Array)
#8 C:\xampp\Yii\framework\web\filters\CFilterChain.php(133): CController->runAction(Object(CInlineAction))
#9 C:\xampp\htdocs\trackstar\protected\controllers\IssueController.php(194): CFilterChain->run()
#10 C:\xampp\Yii\framework\web\filters\CInlineFilter.php(58): IssueController->filterProjectContext(Object(CFilterChain))
#11 C:\xampp\Yii\framework\web\filters\CFilterChain.php(130): CInlineFilter->filter(Object(CFilterChain))
#12 C:\xampp\Yii\framework\web\filters\CFilter.php(40): CFilterChain->run()
#13 C:\xampp\Yii\framework\web\CController.php(1145): CFilter->filter(Object(CFilterChain))
#14 C:\xampp\Yii\framework\web\filters\CInlineFilter.php(58): CController->filterAccessControl(Object(CFilterChain))
#15 C:\xampp\Yii\framework\web\filters\CFilterChain.php(130): CInlineFilter->filter(Object(CFilterChain))
#16 C:\xampp\Yii\framework\web\CController.php(291): CFilterChain->run()
#17 C:\xampp\Yii\framework\web\CController.php(265): CController->runActionWithFilters(Object(CInlineAction), Array)
#18 C:\xampp\Yii\framework\web\CWebApplication.php(282): CController->run('')
#19 C:\xampp\Yii\framework\web\CWebApplication.php(141): CWebApplication->runController('issue')
#20 C:\xampp\Yii\framework\base\CApplication.php(180): CWebApplication->processRequest()
#21 C:\xampp\htdocs\trackstar\index.php(13): CApplication->run()
#22 {main}
REQUEST_URI=/trackstar/index.php?r=issue&pid=2
---
2013/09/12 22:01:34 [error] [exception.CHttpException.403] exception 'CHttpException' with message 'Must specify a project before performing this action' in C:\xampp\htdocs\trackstar\protected\controllers\IssueController.php:191
Stack trace:
#0 C:\xampp\Yii\framework\web\filters\CInlineFilter.php(58): IssueController->filterProjectContext(Object(CFilterChain))
#1 C:\xampp\Yii\framework\web\filters\CFilterChain.php(130): CInlineFilter->filter(Object(CFilterChain))
#2 C:\xampp\Yii\framework\web\filters\CFilter.php(40): CFilterChain->run()
#3 C:\xampp\Yii\framework\web\CController.php(1145): CFilter->filter(Object(CFilterChain))
#4 C:\xampp\Yii\framework\web\filters\CInlineFilter.php(58): CController->filterAccessControl(Object(CFilterChain))
#5 C:\xampp\Yii\framework\web\filters\CFilterChain.php(130): CInlineFilter->filter(Object(CFilterChain))
#6 C:\xampp\Yii\framework\web\CController.php(291): CFilterChain->run()
#7 C:\xampp\Yii\framework\web\CController.php(265): CController->runActionWithFilters(Object(CInlineAction), Array)
#8 C:\xampp\Yii\framework\web\CWebApplication.php(282): CController->run('')
#9 C:\xampp\Yii\framework\web\CWebApplication.php(141): CWebApplication->runController('issue')
#10 C:\xampp\Yii\framework\base\CApplication.php(180): CWebApplication->processRequest()
#11 C:\xampp\htdocs\trackstar\index.php(13): CApplication->run()
#12 {main}
REQUEST_URI=/trackstar/index.php?r=issue
---
2013/09/12 22:02:48 [error] [exception.CHttpException.403] exception 'CHttpException' with message 'Must specify a project before performing this action' in C:\xampp\htdocs\trackstar\protected\controllers\IssueController.php:191
Stack trace:
#0 C:\xampp\Yii\framework\web\filters\CInlineFilter.php(58): IssueController->filterProjectContext(Object(CFilterChain))
#1 C:\xampp\Yii\framework\web\filters\CFilterChain.php(130): CInlineFilter->filter(Object(CFilterChain))
#2 C:\xampp\Yii\framework\web\filters\CFilter.php(40): CFilterChain->run()
#3 C:\xampp\Yii\framework\web\CController.php(1145): CFilter->filter(Object(CFilterChain))
#4 C:\xampp\Yii\framework\web\filters\CInlineFilter.php(58): CController->filterAccessControl(Object(CFilterChain))
#5 C:\xampp\Yii\framework\web\filters\CFilterChain.php(130): CInlineFilter->filter(Object(CFilterChain))
#6 C:\xampp\Yii\framework\web\CController.php(291): CFilterChain->run()
#7 C:\xampp\Yii\framework\web\CController.php(265): CController->runActionWithFilters(Object(CInlineAction), Array)
#8 C:\xampp\Yii\framework\web\CWebApplication.php(282): CController->run('')
#9 C:\xampp\Yii\framework\web\CWebApplication.php(141): CWebApplication->runController('issue')
#10 C:\xampp\Yii\framework\base\CApplication.php(180): CWebApplication->processRequest()
#11 C:\xampp\htdocs\trackstar\index.php(13): CApplication->run()
#12 {main}
REQUEST_URI=/trackstar/index.php?r=issue
---
2013/09/12 22:03:34 [error] [exception.CException] exception 'CException' with message 'Property "IssueController._project" is not defined.' in C:\xampp\Yii\framework\base\CComponent.php:130
Stack trace:
#0 C:\xampp\htdocs\trackstar\protected\views\issue\index.php(10): CComponent->__get('_project')
#1 C:\xampp\Yii\framework\web\CBaseController.php(126): require('C:\xampp\htdocs...')
#2 C:\xampp\Yii\framework\web\CBaseController.php(95): CBaseController->renderInternal('C:\xampp\htdocs...', Array, true)
#3 C:\xampp\Yii\framework\web\CController.php(869): CBaseController->renderFile('C:\xampp\htdocs...', Array, true)
#4 C:\xampp\Yii\framework\web\CController.php(782): CController->renderPartial('index', Array, true)
#5 C:\xampp\htdocs\trackstar\protected\controllers\IssueController.php(135): CController->render('index', Array)
#6 C:\xampp\Yii\framework\web\actions\CInlineAction.php(49): IssueController->actionIndex()
#7 C:\xampp\Yii\framework\web\CController.php(308): CInlineAction->runWithParams(Array)
#8 C:\xampp\Yii\framework\web\filters\CFilterChain.php(133): CController->runAction(Object(CInlineAction))
#9 C:\xampp\htdocs\trackstar\protected\controllers\IssueController.php(194): CFilterChain->run()
#10 C:\xampp\Yii\framework\web\filters\CInlineFilter.php(58): IssueController->filterProjectContext(Object(CFilterChain))
#11 C:\xampp\Yii\framework\web\filters\CFilterChain.php(130): CInlineFilter->filter(Object(CFilterChain))
#12 C:\xampp\Yii\framework\web\filters\CFilter.php(40): CFilterChain->run()
#13 C:\xampp\Yii\framework\web\CController.php(1145): CFilter->filter(Object(CFilterChain))
#14 C:\xampp\Yii\framework\web\filters\CInlineFilter.php(58): CController->filterAccessControl(Object(CFilterChain))
#15 C:\xampp\Yii\framework\web\filters\CFilterChain.php(130): CInlineFilter->filter(Object(CFilterChain))
#16 C:\xampp\Yii\framework\web\CController.php(291): CFilterChain->run()
#17 C:\xampp\Yii\framework\web\CController.php(265): CController->runActionWithFilters(Object(CInlineAction), Array)
#18 C:\xampp\Yii\framework\web\CWebApplication.php(282): CController->run('')
#19 C:\xampp\Yii\framework\web\CWebApplication.php(141): CWebApplication->runController('issue')
#20 C:\xampp\Yii\framework\base\CApplication.php(180): CWebApplication->processRequest()
#21 C:\xampp\htdocs\trackstar\index.php(13): CApplication->run()
#22 {main}
REQUEST_URI=/trackstar/index.php?r=issue&pid=1
---
2013/09/12 22:26:56 [error] [exception.CException] exception 'CException' with message 'Property "IssueController._project" is not defined.' in C:\xampp\Yii\framework\base\CComponent.php:130
Stack trace:
#0 C:\xampp\htdocs\trackstar\protected\views\issue\index.php(8): CComponent->__get('_project')
#1 C:\xampp\Yii\framework\web\CBaseController.php(126): require('C:\xampp\htdocs...')
#2 C:\xampp\Yii\framework\web\CBaseController.php(95): CBaseController->renderInternal('C:\xampp\htdocs...', Array, true)
#3 C:\xampp\Yii\framework\web\CController.php(869): CBaseController->renderFile('C:\xampp\htdocs...', Array, true)
#4 C:\xampp\Yii\framework\web\CController.php(782): CController->renderPartial('index', Array, true)
#5 C:\xampp\htdocs\trackstar\protected\controllers\IssueController.php(136): CController->render('index', Array)
#6 C:\xampp\Yii\framework\web\actions\CInlineAction.php(49): IssueController->actionIndex()
#7 C:\xampp\Yii\framework\web\CController.php(308): CInlineAction->runWithParams(Array)
#8 C:\xampp\Yii\framework\web\filters\CFilterChain.php(133): CController->runAction(Object(CInlineAction))
#9 C:\xampp\htdocs\trackstar\protected\controllers\IssueController.php(195): CFilterChain->run()
#10 C:\xampp\Yii\framework\web\filters\CInlineFilter.php(58): IssueController->filterProjectContext(Object(CFilterChain))
#11 C:\xampp\Yii\framework\web\filters\CFilterChain.php(130): CInlineFilter->filter(Object(CFilterChain))
#12 C:\xampp\Yii\framework\web\filters\CFilter.php(40): CFilterChain->run()
#13 C:\xampp\Yii\framework\web\CController.php(1145): CFilter->filter(Object(CFilterChain))
#14 C:\xampp\Yii\framework\web\filters\CInlineFilter.php(58): CController->filterAccessControl(Object(CFilterChain))
#15 C:\xampp\Yii\framework\web\filters\CFilterChain.php(130): CInlineFilter->filter(Object(CFilterChain))
#16 C:\xampp\Yii\framework\web\CController.php(291): CFilterChain->run()
#17 C:\xampp\Yii\framework\web\CController.php(265): CController->runActionWithFilters(Object(CInlineAction), Array)
#18 C:\xampp\Yii\framework\web\CWebApplication.php(282): CController->run('')
#19 C:\xampp\Yii\framework\web\CWebApplication.php(141): CWebApplication->runController('issue')
#20 C:\xampp\Yii\framework\base\CApplication.php(180): CWebApplication->processRequest()
#21 C:\xampp\htdocs\trackstar\index.php(13): CApplication->run()
#22 {main}
REQUEST_URI=/trackstar/index.php?r=issue&pid=1
HTTP_REFERER=http://localhost/trackstar/index.php?r=issue&pid=1
---
2013/09/12 22:29:33 [error] [exception.CException] exception 'CException' with message 'Property "IssueController._project" is not defined.' in C:\xampp\Yii\framework\base\CComponent.php:130
Stack trace:
#0 C:\xampp\htdocs\trackstar\protected\views\issue\index.php(8): CComponent->__get('_project')
#1 C:\xampp\Yii\framework\web\CBaseController.php(126): require('C:\xampp\htdocs...')
#2 C:\xampp\Yii\framework\web\CBaseController.php(95): CBaseController->renderInternal('C:\xampp\htdocs...', Array, true)
#3 C:\xampp\Yii\framework\web\CController.php(869): CBaseController->renderFile('C:\xampp\htdocs...', Array, true)
#4 C:\xampp\Yii\framework\web\CController.php(782): CController->renderPartial('index', Array, true)
#5 C:\xampp\htdocs\trackstar\protected\controllers\IssueController.php(136): CController->render('index', Array)
#6 C:\xampp\Yii\framework\web\actions\CInlineAction.php(49): IssueController->actionIndex()
#7 C:\xampp\Yii\framework\web\CController.php(308): CInlineAction->runWithParams(Array)
#8 C:\xampp\Yii\framework\web\filters\CFilterChain.php(133): CController->runAction(Object(CInlineAction))
#9 C:\xampp\htdocs\trackstar\protected\controllers\IssueController.php(195): CFilterChain->run()
#10 C:\xampp\Yii\framework\web\filters\CInlineFilter.php(58): IssueController->filterProjectContext(Object(CFilterChain))
#11 C:\xampp\Yii\framework\web\filters\CFilterChain.php(130): CInlineFilter->filter(Object(CFilterChain))
#12 C:\xampp\Yii\framework\web\filters\CFilter.php(40): CFilterChain->run()
#13 C:\xampp\Yii\framework\web\CController.php(1145): CFilter->filter(Object(CFilterChain))
#14 C:\xampp\Yii\framework\web\filters\CInlineFilter.php(58): CController->filterAccessControl(Object(CFilterChain))
#15 C:\xampp\Yii\framework\web\filters\CFilterChain.php(130): CInlineFilter->filter(Object(CFilterChain))
#16 C:\xampp\Yii\framework\web\CController.php(291): CFilterChain->run()
#17 C:\xampp\Yii\framework\web\CController.php(265): CController->runActionWithFilters(Object(CInlineAction), Array)
#18 C:\xampp\Yii\framework\web\CWebApplication.php(282): CController->run('')
#19 C:\xampp\Yii\framework\web\CWebApplication.php(141): CWebApplication->runController('issue')
#20 C:\xampp\Yii\framework\base\CApplication.php(180): CWebApplication->processRequest()
#21 C:\xampp\htdocs\trackstar\index.php(13): CApplication->run()
#22 {main}
REQUEST_URI=/trackstar/index.php?r=issue&pid=1
HTTP_REFERER=http://localhost/trackstar/index.php?r=issue&pid=1
---
2013/09/12 22:29:36 [error] [exception.CHttpException.403] exception 'CHttpException' with message 'Must specify a project before performing this action' in C:\xampp\htdocs\trackstar\protected\controllers\IssueController.php:192
Stack trace:
#0 C:\xampp\Yii\framework\web\filters\CInlineFilter.php(58): IssueController->filterProjectContext(Object(CFilterChain))
#1 C:\xampp\Yii\framework\web\filters\CFilterChain.php(130): CInlineFilter->filter(Object(CFilterChain))
#2 C:\xampp\Yii\framework\web\filters\CFilter.php(40): CFilterChain->run()
#3 C:\xampp\Yii\framework\web\CController.php(1145): CFilter->filter(Object(CFilterChain))
#4 C:\xampp\Yii\framework\web\filters\CInlineFilter.php(58): CController->filterAccessControl(Object(CFilterChain))
#5 C:\xampp\Yii\framework\web\filters\CFilterChain.php(130): CInlineFilter->filter(Object(CFilterChain))
#6 C:\xampp\Yii\framework\web\CController.php(291): CFilterChain->run()
#7 C:\xampp\Yii\framework\web\CController.php(265): CController->runActionWithFilters(Object(CInlineAction), Array)
#8 C:\xampp\Yii\framework\web\CWebApplication.php(282): CController->run('')
#9 C:\xampp\Yii\framework\web\CWebApplication.php(141): CWebApplication->runController('issue')
#10 C:\xampp\Yii\framework\base\CApplication.php(180): CWebApplication->processRequest()
#11 C:\xampp\htdocs\trackstar\index.php(13): CApplication->run()
#12 {main}
REQUEST_URI=/trackstar/index.php?r=issue
---
2013/09/12 22:29:41 [error] [exception.CException] exception 'CException' with message 'Property "IssueController._project" is not defined.' in C:\xampp\Yii\framework\base\CComponent.php:130
Stack trace:
#0 C:\xampp\htdocs\trackstar\protected\views\issue\index.php(8): CComponent->__get('_project')
#1 C:\xampp\Yii\framework\web\CBaseController.php(126): require('C:\xampp\htdocs...')
#2 C:\xampp\Yii\framework\web\CBaseController.php(95): CBaseController->renderInternal('C:\xampp\htdocs...', Array, true)
#3 C:\xampp\Yii\framework\web\CController.php(869): CBaseController->renderFile('C:\xampp\htdocs...', Array, true)
#4 C:\xampp\Yii\framework\web\CController.php(782): CController->renderPartial('index', Array, true)
#5 C:\xampp\htdocs\trackstar\protected\controllers\IssueController.php(136): CController->render('index', Array)
#6 C:\xampp\Yii\framework\web\actions\CInlineAction.php(49): IssueController->actionIndex()
#7 C:\xampp\Yii\framework\web\CController.php(308): CInlineAction->runWithParams(Array)
#8 C:\xampp\Yii\framework\web\filters\CFilterChain.php(133): CController->runAction(Object(CInlineAction))
#9 C:\xampp\htdocs\trackstar\protected\controllers\IssueController.php(195): CFilterChain->run()
#10 C:\xampp\Yii\framework\web\filters\CInlineFilter.php(58): IssueController->filterProjectContext(Object(CFilterChain))
#11 C:\xampp\Yii\framework\web\filters\CFilterChain.php(130): CInlineFilter->filter(Object(CFilterChain))
#12 C:\xampp\Yii\framework\web\filters\CFilter.php(40): CFilterChain->run()
#13 C:\xampp\Yii\framework\web\CController.php(1145): CFilter->filter(Object(CFilterChain))
#14 C:\xampp\Yii\framework\web\filters\CInlineFilter.php(58): CController->filterAccessControl(Object(CFilterChain))
#15 C:\xampp\Yii\framework\web\filters\CFilterChain.php(130): CInlineFilter->filter(Object(CFilterChain))
#16 C:\xampp\Yii\framework\web\CController.php(291): CFilterChain->run()
#17 C:\xampp\Yii\framework\web\CController.php(265): CController->runActionWithFilters(Object(CInlineAction), Array)
#18 C:\xampp\Yii\framework\web\CWebApplication.php(282): CController->run('')
#19 C:\xampp\Yii\framework\web\CWebApplication.php(141): CWebApplication->runController('issue')
#20 C:\xampp\Yii\framework\base\CApplication.php(180): CWebApplication->processRequest()
#21 C:\xampp\htdocs\trackstar\index.php(13): CApplication->run()
#22 {main}
REQUEST_URI=/trackstar/index.php?r=issue&pid=1
---
2013/09/12 22:30:49 [error] [php] Undefined variable: hello (C:\xampp\htdocs\trackstar\protected\views\issue\index.php:9)
Stack trace:
#0 C:\xampp\Yii\framework\web\CController.php(869): IssueController->renderFile()
#1 C:\xampp\Yii\framework\web\CController.php(782): IssueController->renderPartial()
#2 C:\xampp\htdocs\trackstar\protected\controllers\IssueController.php(137): IssueController->render()
#3 C:\xampp\Yii\framework\web\actions\CInlineAction.php(49): IssueController->actionIndex()
#4 C:\xampp\Yii\framework\web\CController.php(308): CInlineAction->runWithParams()
#5 C:\xampp\Yii\framework\web\filters\CFilterChain.php(133): IssueController->runAction()
#6 C:\xampp\htdocs\trackstar\protected\controllers\IssueController.php(196): CFilterChain->run()
#7 C:\xampp\Yii\framework\web\filters\CInlineFilter.php(58): IssueController->filterProjectContext()
#8 C:\xampp\Yii\framework\web\filters\CFilterChain.php(130): CInlineFilter->filter()
#9 C:\xampp\Yii\framework\web\filters\CFilter.php(40): CFilterChain->run()
#10 C:\xampp\Yii\framework\web\CController.php(1145): CAccessControlFilter->filter()
#11 C:\xampp\Yii\framework\web\filters\CInlineFilter.php(58): IssueController->filterAccessControl()
#12 C:\xampp\Yii\framework\web\filters\CFilterChain.php(130): CInlineFilter->filter()
#13 C:\xampp\Yii\framework\web\CController.php(291): CFilterChain->run()
#14 C:\xampp\Yii\framework\web\CController.php(265): IssueController->runActionWithFilters()
#15 C:\xampp\Yii\framework\web\CWebApplication.php(282): IssueController->run()
#16 C:\xampp\Yii\framework\web\CWebApplication.php(141): CWebApplication->runController()
#17 C:\xampp\Yii\framework\base\CApplication.php(180): CWebApplication->processRequest()
#18 C:\xampp\htdocs\trackstar\index.php(13): CWebApplication->run()
REQUEST_URI=/trackstar/index.php?r=issue&pid=1
in C:\xampp\htdocs\trackstar\protected\views\issue\index.php (9)
in C:\xampp\htdocs\trackstar\protected\controllers\IssueController.php (137)
in C:\xampp\htdocs\trackstar\protected\controllers\IssueController.php (196)
2013/09/12 22:31:29 [error] [php] log() expects parameter 1 to be double, string given (C:\xampp\htdocs\trackstar\protected\views\issue\index.php:9)
Stack trace:
#0 C:\xampp\Yii\framework\web\CBaseController.php(95): IssueController->renderInternal()
#1 C:\xampp\Yii\framework\web\CController.php(869): IssueController->renderFile()
#2 C:\xampp\Yii\framework\web\CController.php(782): IssueController->renderPartial()
#3 C:\xampp\htdocs\trackstar\protected\controllers\IssueController.php(137): IssueController->render()
#4 C:\xampp\Yii\framework\web\actions\CInlineAction.php(49): IssueController->actionIndex()
#5 C:\xampp\Yii\framework\web\CController.php(308): CInlineAction->runWithParams()
#6 C:\xampp\Yii\framework\web\filters\CFilterChain.php(133): IssueController->runAction()
#7 C:\xampp\htdocs\trackstar\protected\controllers\IssueController.php(196): CFilterChain->run()
#8 C:\xampp\Yii\framework\web\filters\CInlineFilter.php(58): IssueController->filterProjectContext()
#9 C:\xampp\Yii\framework\web\filters\CFilterChain.php(130): CInlineFilter->filter()
#10 C:\xampp\Yii\framework\web\filters\CFilter.php(40): CFilterChain->run()
#11 C:\xampp\Yii\framework\web\CController.php(1145): CAccessControlFilter->filter()
#12 C:\xampp\Yii\framework\web\filters\CInlineFilter.php(58): IssueController->filterAccessControl()
#13 C:\xampp\Yii\framework\web\filters\CFilterChain.php(130): CInlineFilter->filter()
#14 C:\xampp\Yii\framework\web\CController.php(291): CFilterChain->run()
#15 C:\xampp\Yii\framework\web\CController.php(265): IssueController->runActionWithFilters()
#16 C:\xampp\Yii\framework\web\CWebApplication.php(282): IssueController->run()
#17 C:\xampp\Yii\framework\web\CWebApplication.php(141): CWebApplication->runController()
#18 C:\xampp\Yii\framework\base\CApplication.php(180): CWebApplication->processRequest()
#19 C:\xampp\htdocs\trackstar\index.php(13): CWebApplication->run()
REQUEST_URI=/trackstar/index.php?r=issue&pid=1
in C:\xampp\htdocs\trackstar\protected\views\issue\index.php (9)
in C:\xampp\htdocs\trackstar\protected\controllers\IssueController.php (137)
in C:\xampp\htdocs\trackstar\protected\controllers\IssueController.php (196)
2013/09/12 22:32:12 [error] [php] log() expects at most 2 parameters, 3 given (C:\xampp\htdocs\trackstar\protected\views\issue\index.php:9)
Stack trace:
#0 C:\xampp\Yii\framework\web\CBaseController.php(95): IssueController->renderInternal()
#1 C:\xampp\Yii\framework\web\CController.php(869): IssueController->renderFile()
#2 C:\xampp\Yii\framework\web\CController.php(782): IssueController->renderPartial()
#3 C:\xampp\htdocs\trackstar\protected\controllers\IssueController.php(137): IssueController->render()
#4 C:\xampp\Yii\framework\web\actions\CInlineAction.php(49): IssueController->actionIndex()
#5 C:\xampp\Yii\framework\web\CController.php(308): CInlineAction->runWithParams()
#6 C:\xampp\Yii\framework\web\filters\CFilterChain.php(133): IssueController->runAction()
#7 C:\xampp\htdocs\trackstar\protected\controllers\IssueController.php(196): CFilterChain->run()
#8 C:\xampp\Yii\framework\web\filters\CInlineFilter.php(58): IssueController->filterProjectContext()
#9 C:\xampp\Yii\framework\web\filters\CFilterChain.php(130): CInlineFilter->filter()
#10 C:\xampp\Yii\framework\web\filters\CFilter.php(40): CFilterChain->run()
#11 C:\xampp\Yii\framework\web\CController.php(1145): CAccessControlFilter->filter()
#12 C:\xampp\Yii\framework\web\filters\CInlineFilter.php(58): IssueController->filterAccessControl()
#13 C:\xampp\Yii\framework\web\filters\CFilterChain.php(130): CInlineFilter->filter()
#14 C:\xampp\Yii\framework\web\CController.php(291): CFilterChain->run()
#15 C:\xampp\Yii\framework\web\CController.php(265): IssueController->runActionWithFilters()
#16 C:\xampp\Yii\framework\web\CWebApplication.php(282): IssueController->run()
#17 C:\xampp\Yii\framework\web\CWebApplication.php(141): CWebApplication->runController()
#18 C:\xampp\Yii\framework\base\CApplication.php(180): CWebApplication->processRequest()
#19 C:\xampp\htdocs\trackstar\index.php(13): CWebApplication->run()
REQUEST_URI=/trackstar/index.php?r=issue&pid=1
in C:\xampp\htdocs\trackstar\protected\views\issue\index.php (9)
in C:\xampp\htdocs\trackstar\protected\controllers\IssueController.php (137)
in C:\xampp\htdocs\trackstar\protected\controllers\IssueController.php (196)
2013/09/12 22:32:55 [error] [php] log() expects parameter 1 to be double, string given (C:\xampp\htdocs\trackstar\protected\views\issue\index.php:9)
Stack trace:
#0 C:\xampp\Yii\framework\web\CBaseController.php(95): IssueController->renderInternal()
#1 C:\xampp\Yii\framework\web\CController.php(869): IssueController->renderFile()
#2 C:\xampp\Yii\framework\web\CController.php(782): IssueController->renderPartial()
#3 C:\xampp\htdocs\trackstar\protected\controllers\IssueController.php(137): IssueController->render()
#4 C:\xampp\Yii\framework\web\actions\CInlineAction.php(49): IssueController->actionIndex()
#5 C:\xampp\Yii\framework\web\CController.php(308): CInlineAction->runWithParams()
#6 C:\xampp\Yii\framework\web\filters\CFilterChain.php(133): IssueController->runAction()
#7 C:\xampp\htdocs\trackstar\protected\controllers\IssueController.php(196): CFilterChain->run()
#8 C:\xampp\Yii\framework\web\filters\CInlineFilter.php(58): IssueController->filterProjectContext()
#9 C:\xampp\Yii\framework\web\filters\CFilterChain.php(130): CInlineFilter->filter()
#10 C:\xampp\Yii\framework\web\filters\CFilter.php(40): CFilterChain->run()
#11 C:\xampp\Yii\framework\web\CController.php(1145): CAccessControlFilter->filter()
#12 C:\xampp\Yii\framework\web\filters\CInlineFilter.php(58): IssueController->filterAccessControl()
#13 C:\xampp\Yii\framework\web\filters\CFilterChain.php(130): CInlineFilter->filter()
#14 C:\xampp\Yii\framework\web\CController.php(291): CFilterChain->run()
#15 C:\xampp\Yii\framework\web\CController.php(265): IssueController->runActionWithFilters()
#16 C:\xampp\Yii\framework\web\CWebApplication.php(282): IssueController->run()
#17 C:\xampp\Yii\framework\web\CWebApplication.php(141): CWebApplication->runController()
#18 C:\xampp\Yii\framework\base\CApplication.php(180): CWebApplication->processRequest()
#19 C:\xampp\htdocs\trackstar\index.php(13): CWebApplication->run()
REQUEST_URI=/trackstar/index.php?r=issue&pid=1
in C:\xampp\htdocs\trackstar\protected\views\issue\index.php (9)
in C:\xampp\htdocs\trackstar\protected\controllers\IssueController.php (137)
in C:\xampp\htdocs\trackstar\protected\controllers\IssueController.php (196)
2013/09/12 22:34:48 [error] [php] log() expects parameter 1 to be double, string given (C:\xampp\htdocs\trackstar\protected\views\issue\index.php:9)
Stack trace:
#0 C:\xampp\Yii\framework\web\CBaseController.php(95): IssueController->renderInternal()
#1 C:\xampp\Yii\framework\web\CController.php(869): IssueController->renderFile()
#2 C:\xampp\Yii\framework\web\CController.php(782): IssueController->renderPartial()
#3 C:\xampp\htdocs\trackstar\protected\controllers\IssueController.php(137): IssueController->render()
#4 C:\xampp\Yii\framework\web\actions\CInlineAction.php(49): IssueController->actionIndex()
#5 C:\xampp\Yii\framework\web\CController.php(308): CInlineAction->runWithParams()
#6 C:\xampp\Yii\framework\web\filters\CFilterChain.php(133): IssueController->runAction()
#7 C:\xampp\htdocs\trackstar\protected\controllers\IssueController.php(196): CFilterChain->run()
#8 C:\xampp\Yii\framework\web\filters\CInlineFilter.php(58): IssueController->filterProjectContext()
#9 C:\xampp\Yii\framework\web\filters\CFilterChain.php(130): CInlineFilter->filter()
#10 C:\xampp\Yii\framework\web\filters\CFilter.php(40): CFilterChain->run()
#11 C:\xampp\Yii\framework\web\CController.php(1145): CAccessControlFilter->filter()
#12 C:\xampp\Yii\framework\web\filters\CInlineFilter.php(58): IssueController->filterAccessControl()
#13 C:\xampp\Yii\framework\web\filters\CFilterChain.php(130): CInlineFilter->filter()
#14 C:\xampp\Yii\framework\web\CController.php(291): CFilterChain->run()
#15 C:\xampp\Yii\framework\web\CController.php(265): IssueController->runActionWithFilters()
#16 C:\xampp\Yii\framework\web\CWebApplication.php(282): IssueController->run()
#17 C:\xampp\Yii\framework\web\CWebApplication.php(141): CWebApplication->runController()
#18 C:\xampp\Yii\framework\base\CApplication.php(180): CWebApplication->processRequest()
#19 C:\xampp\htdocs\trackstar\index.php(13): CWebApplication->run()
REQUEST_URI=/trackstar/index.php?r=issue&pid=1
in C:\xampp\htdocs\trackstar\protected\views\issue\index.php (9)
in C:\xampp\htdocs\trackstar\protected\controllers\IssueController.php (137)
in C:\xampp\htdocs\trackstar\protected\controllers\IssueController.php (196)
2013/09/12 22:40:40 [error] [app,context] Hello there testing
in C:\xampp\htdocs\trackstar\protected\views\issue\index.php (9)
in C:\xampp\htdocs\trackstar\protected\controllers\IssueController.php (137)
in C:\xampp\htdocs\trackstar\protected\controllers\IssueController.php (196)
2013/09/12 22:42:51 [error] [exception.CException] exception 'CException' with message 'Property "IssueController._project" is not defined.' in C:\xampp\Yii\framework\base\CComponent.php:130
Stack trace:
#0 C:\xampp\htdocs\trackstar\protected\views\issue\create.php(11): CComponent->__get('_project')
#1 C:\xampp\Yii\framework\web\CBaseController.php(126): require('C:\xampp\htdocs...')
#2 C:\xampp\Yii\framework\web\CBaseController.php(95): CBaseController->renderInternal('C:\xampp\htdocs...', Array, true)
#3 C:\xampp\Yii\framework\web\CController.php(869): CBaseController->renderFile('C:\xampp\htdocs...', Array, true)
#4 C:\xampp\Yii\framework\web\CController.php(782): CController->renderPartial('create', Array, true)
#5 C:\xampp\htdocs\trackstar\protected\controllers\IssueController.php(81): CController->render('create', Array)
#6 C:\xampp\Yii\framework\web\actions\CInlineAction.php(49): IssueController->actionCreate()
#7 C:\xampp\Yii\framework\web\CController.php(308): CInlineAction->runWithParams(Array)
#8 C:\xampp\Yii\framework\web\filters\CFilterChain.php(133): CController->runAction(Object(CInlineAction))
#9 C:\xampp\htdocs\trackstar\protected\controllers\IssueController.php(196): CFilterChain->run()
#10 C:\xampp\Yii\framework\web\filters\CInlineFilter.php(58): IssueController->filterProjectContext(Object(CFilterChain))
#11 C:\xampp\Yii\framework\web\filters\CFilterChain.php(130): CInlineFilter->filter(Object(CFilterChain))
#12 C:\xampp\Yii\framework\web\filters\CFilter.php(40): CFilterChain->run()
#13 C:\xampp\Yii\framework\web\CController.php(1145): CFilter->filter(Object(CFilterChain))
#14 C:\xampp\Yii\framework\web\filters\CInlineFilter.php(58): CController->filterAccessControl(Object(CFilterChain))
#15 C:\xampp\Yii\framework\web\filters\CFilterChain.php(130): CInlineFilter->filter(Object(CFilterChain))
#16 C:\xampp\Yii\framework\web\CController.php(291): CFilterChain->run()
#17 C:\xampp\Yii\framework\web\CController.php(265): CController->runActionWithFilters(Object(CInlineAction), Array)
#18 C:\xampp\Yii\framework\web\CWebApplication.php(282): CController->run('create')
#19 C:\xampp\Yii\framework\web\CWebApplication.php(141): CWebApplication->runController('issue/create')
#20 C:\xampp\Yii\framework\base\CApplication.php(180): CWebApplication->processRequest()
#21 C:\xampp\htdocs\trackstar\index.php(13): CApplication->run()
#22 {main}
REQUEST_URI=/trackstar/index.php?r=issue/create&pid=1
HTTP_REFERER=http://localhost/trackstar/index.php?r=issue&pid=1
---
2013/09/12 22:48:45 [error] [exception.CHttpException.403] exception 'CHttpException' with message 'Must specify a project before performing this action' in C:\xampp\htdocs\trackstar\protected\controllers\IssueController.php:194
Stack trace:
#0 C:\xampp\Yii\framework\web\filters\CInlineFilter.php(58): IssueController->filterProjectContext(Object(CFilterChain))
#1 C:\xampp\Yii\framework\web\filters\CFilterChain.php(130): CInlineFilter->filter(Object(CFilterChain))
#2 C:\xampp\Yii\framework\web\filters\CFilter.php(40): CFilterChain->run()
#3 C:\xampp\Yii\framework\web\CController.php(1145): CFilter->filter(Object(CFilterChain))
#4 C:\xampp\Yii\framework\web\filters\CInlineFilter.php(58): CController->filterAccessControl(Object(CFilterChain))
#5 C:\xampp\Yii\framework\web\filters\CFilterChain.php(130): CInlineFilter->filter(Object(CFilterChain))
#6 C:\xampp\Yii\framework\web\CController.php(291): CFilterChain->run()
#7 C:\xampp\Yii\framework\web\CController.php(265): CController->runActionWithFilters(Object(CInlineAction), Array)
#8 C:\xampp\Yii\framework\web\CWebApplication.php(282): CController->run('create')
#9 C:\xampp\Yii\framework\web\CWebApplication.php(141): CWebApplication->runController('issue/create')
#10 C:\xampp\Yii\framework\base\CApplication.php(180): CWebApplication->processRequest()
#11 C:\xampp\htdocs\trackstar\index.php(13): CApplication->run()
#12 {main}
REQUEST_URI=/trackstar/index.php?r=issue/create
HTTP_REFERER=http://localhost/trackstar/index.php?r=issue/admin&pid=1
---
2013/09/19 02:59:06 [error] [exception.CHttpException.400] exception 'CHttpException' with message 'Your request is invalid.' in C:\xampp\Yii\framework\web\CController.php:336
Stack trace:
#0 C:\xampp\Yii\framework\web\CController.php(309): CController->invalidActionParams(Object(CInlineAction))
#1 C:\xampp\Yii\framework\web\filters\CFilterChain.php(133): CController->runAction(Object(CInlineAction))
#2 C:\xampp\Yii\framework\web\filters\CFilter.php(40): CFilterChain->run()
#3 C:\xampp\Yii\framework\web\CController.php(1145): CFilter->filter(Object(CFilterChain))
#4 C:\xampp\Yii\framework\web\filters\CInlineFilter.php(58): CController->filterAccessControl(Object(CFilterChain))
#5 C:\xampp\Yii\framework\web\filters\CFilterChain.php(130): CInlineFilter->filter(Object(CFilterChain))
#6 C:\xampp\Yii\framework\web\CController.php(291): CFilterChain->run()
#7 C:\xampp\Yii\framework\web\CController.php(265): CController->runActionWithFilters(Object(CInlineAction), Array)
#8 C:\xampp\Yii\framework\web\CWebApplication.php(282): CController->run('view')
#9 C:\xampp\Yii\framework\web\CWebApplication.php(141): CWebApplication->runController('project/view')
#10 C:\xampp\Yii\framework\base\CApplication.php(180): CWebApplication->processRequest()
#11 C:\xampp\htdocs\trackstar\index.php(13): CApplication->run()
#12 {main}
REQUEST_URI=/trackstar/index.php?r=project/view
---
